c:\users\allan\source\repos\minhoca-game\minhoca-game\x64\debug\vc143.pdb
c:\users\allan\source\repos\minhoca-game\minhoca-game\x64\debug\vc143.idb
c:\users\allan\source\repos\minhoca-game\minhoca-game\x64\debug\interface.obj
c:\users\allan\source\repos\minhoca-game\minhoca-game\x64\debug\jogador.obj
c:\users\allan\source\repos\minhoca-game\minhoca-game\x64\debug\main.obj
c:\users\allan\source\repos\minhoca-game\minhoca-game\x64\debug\game.obj
c:\users\allan\source\repos\minhoca-game\minhoca-game\x64\debug\chao.obj
c:\users\allan\source\repos\minhoca-game\x64\debug\minhoca-game.exe
c:\users\allan\source\repos\minhoca-game\x64\debug\minhoca-game.pdb
c:\users\allan\source\repos\minhoca-game\minhoca-game\x64\debug\minhoca-game.ilk
c:\users\allan\source\repos\minhoca-game\minhoca-game\x64\debug\comida.obj
c:\users\allan\source\repos\minhoca-game\minhoca-game\x64\debug\jogador.obj.enc
c:\users\allan\source\repos\minhoca-game\minhoca-game\x64\debug\minhoca-game.tlog\cl.command.1.tlog
c:\users\allan\source\repos\minhoca-game\minhoca-game\x64\debug\minhoca-game.tlog\cl.items.tlog
c:\users\allan\source\repos\minhoca-game\minhoca-game\x64\debug\minhoca-game.tlog\cl.read.1.tlog
c:\users\allan\source\repos\minhoca-game\minhoca-game\x64\debug\minhoca-game.tlog\cl.write.1.tlog
c:\users\allan\source\repos\minhoca-game\minhoca-game\x64\debug\minhoca-game.tlog\link.command.1.tlog
c:\users\allan\source\repos\minhoca-game\minhoca-game\x64\debug\minhoca-game.tlog\link.read.1.tlog
c:\users\allan\source\repos\minhoca-game\minhoca-game\x64\debug\minhoca-game.tlog\link.secondary.1.tlog
c:\users\allan\source\repos\minhoca-game\minhoca-game\x64\debug\minhoca-game.tlog\link.write.1.tlog
